<?xml version="1.0" encoding="UTF-8"?>
<coverage generated="1741361469262" clover="3.2.0">
  <project timestamp="1741361469262" name="All files">
    <metrics statements="22" coveredstatements="21" conditionals="2" coveredconditionals="1" methods="3" coveredmethods="3" elements="27" coveredelements="25" complexity="0" loc="22" ncloc="22" packages="1" files="2" classes="2"/>
    <file name="db.ts" path="C:\Users\nesto\Desktop\workspace\wecaria\employees-api-rest\src\config\db.ts">
      <metrics statements="7" coveredstatements="7" conditionals="0" coveredconditionals="0" methods="1" coveredmethods="1"/>
      <line num="1" count="1" type="stmt"/>
      <line num="4" count="1" type="stmt"/>
      <line num="5" count="2" type="stmt"/>
      <line num="6" count="2" type="stmt"/>
      <line num="8" count="1" type="stmt"/>
      <line num="9" count="1" type="stmt"/>
      <line num="13" count="1" type="stmt"/>
    </file>
    <file name="jwt.ts" path="C:\Users\nesto\Desktop\workspace\wecaria\employees-api-rest\src\config\jwt.ts">
      <metrics statements="15" coveredstatements="14" conditionals="2" coveredconditionals="1" methods="2" coveredmethods="2"/>
      <line num="1" count="1" type="stmt"/>
      <line num="4" count="1" type="stmt"/>
      <line num="5" count="3" type="stmt"/>
      <line num="6" count="3" type="cond" truecount="0" falsecount="1"/>
      <line num="7" count="0" type="stmt"/>
      <line num="9" count="3" type="stmt"/>
      <line num="14" count="1" type="stmt"/>
      <line num="15" count="4" type="stmt"/>
      <line num="16" count="4" type="cond" truecount="1" falsecount="0"/>
      <line num="17" count="1" type="stmt"/>
      <line num="20" count="3" type="stmt"/>
      <line num="21" count="3" type="stmt"/>
      <line num="23" count="1" type="stmt"/>
      <line num="24" count="1" type="stmt"/>
      <line num="29" count="1" type="stmt"/>
    </file>
  </project>
</coverage>
